d:\directx\directx2d\2dgame\debug\vc141.pdb
d:\directx\directx2d\2dgame\debug\vc141.idb
d:\directx\directx2d\2dgame\debug\camera.obj
d:\directx\directx2d\2dgame\debug\collision.obj
d:\directx\directx2d\2dgame\debug\enemy.obj
d:\directx\directx2d\2dgame\debug\fade.obj
d:\directx\directx2d\2dgame\debug\foot.obj
d:\directx\directx2d\2dgame\debug\input.obj
d:\directx\directx2d\2dgame\debug\item.obj
d:\directx\directx2d\2dgame\debug\life.obj
d:\directx\directx2d\2dgame\debug\light.obj
d:\directx\directx2d\2dgame\debug\main.obj
d:\directx\directx2d\2dgame\debug\player.obj
d:\directx\directx2d\2dgame\debug\result.obj
d:\directx\directx2d\2dgame\debug\resultscore.obj
d:\directx\directx2d\2dgame\debug\score.obj
d:\directx\directx2d\2dgame\debug\sound.obj
d:\directx\directx2d\2dgame\debug\terrain.obj
d:\directx\directx2d\2dgame\debug\timer.obj
d:\directx\directx2d\2dgame\debug\title.obj
d:\directx\directx2d\2dgame\debug\2dgame.exe
d:\directx\directx2d\2dgame\debug\2dgame.ilk
d:\directx\directx2d\2dgame\debug\2dgame.pdb
d:\directx\directx2d\2dgame\debug\2dgame.tlog\cl.command.1.tlog
d:\directx\directx2d\2dgame\debug\2dgame.tlog\cl.read.1.tlog
d:\directx\directx2d\2dgame\debug\2dgame.tlog\cl.write.1.tlog
d:\directx\directx2d\2dgame\debug\2dgame.tlog\link.command.1.tlog
d:\directx\directx2d\2dgame\debug\2dgame.tlog\link.read.1.tlog
d:\directx\directx2d\2dgame\debug\2dgame.tlog\link.write.1.tlog
